<?xml version="1.0" encoding="UTF-8"?>
<!-- Generated by org.testng.reporters.JUnitReportReporter -->
<testsuite hostname="DESKTOP-JKPPEN4" name="Pack1.Class1" tests="1" failures="0" timestamp="7 Aug 2020 14:50:34 GMT" time="0.025" errors="0">
  <testcase name="first" time="0.025" classname="Pack1.Class1"/>
</testsuite> <!-- Pack1.Class1 -->
